This file contains any messages produced by compilers while
running configure, to aid debugging if configure makes a mistake.

It was created by ipfw Billing configure 2.0.2, which was
generated by GNU Autoconf 2.69.  Invocation command line was

  $ ./configure 

## --------- ##
## Platform. ##
## --------- ##

hostname = gate.atlas-print.ru
uname -m = amd64
uname -r = 9.0-RELEASE-p1
uname -s = FreeBSD
uname -v = FreeBSD 9.0-RELEASE-p1 #0: Tue May 29 11:50:44 MSK 2012     root@gate.atlas-print.ru:/usr/obj/usr/src/sys/GENERIC 

/usr/bin/uname -p = amd64
/bin/uname -X     = unknown

/bin/arch              = unknown
/usr/bin/arch -k       = unknown
/usr/convex/getsysinfo = unknown
/usr/bin/hostinfo      = unknown
/bin/machine           = unknown
/usr/bin/oslevel       = unknown
/bin/universe          = unknown

PATH: .
PATH: /usr/local/bin
PATH: /usr/local/sbin
PATH: /usr/games
PATH: /bin
PATH: /usr/bin
PATH: /usr/X11R6/bin
PATH: /usr/sbin
PATH: /sbin
PATH: /usr/interbase/bin
PATH: /usr/local/apache2/bin
PATH: /usr/local/apache/bin


## ----------- ##
## Core tests. ##
## ----------- ##

configure:2140: checking for gcc
configure:2156: found /usr/bin/gcc
configure:2167: result: gcc
configure:2396: checking for C compiler version
configure:2405: gcc --version >&5
gcc (GCC) 4.2.1 20070831 patched [FreeBSD]
Copyright (C) 2007 Free Software Foundation, Inc.
This is free software; see the source for copying conditions.  There is NO
warranty; not even for MERCHANTABILITY or FITNESS FOR A PARTICULAR PURPOSE.

configure:2416: $? = 0
configure:2405: gcc -v >&5
Using built-in specs.
Target: amd64-undermydesk-freebsd
Configured with: FreeBSD/amd64 system compiler
Thread model: posix
gcc version 4.2.1 20070831 patched [FreeBSD]
configure:2416: $? = 0
configure:2405: gcc -V >&5
gcc: '-V' option must have argument
configure:2416: $? = 1
configure:2405: gcc -qversion >&5
gcc: unrecognized option '-qversion'
gcc: No input files specified
configure:2416: $? = 1
configure:2436: checking whether the C compiler works
configure:2458: gcc    conftest.c  >&5
configure:2462: $? = 0
configure:2510: result: yes
configure:2513: checking for C compiler default output file name
configure:2515: result: a.out
configure:2521: checking for suffix of executables
configure:2528: gcc -o conftest    conftest.c  >&5
configure:2532: $? = 0
configure:2554: result: 
configure:2576: checking whether we are cross compiling
configure:2584: gcc -o conftest    conftest.c  >&5
configure:2588: $? = 0
configure:2595: ./conftest
configure:2599: $? = 0
configure:2614: result: no
configure:2619: checking for suffix of object files
configure:2641: gcc -c   conftest.c >&5
configure:2645: $? = 0
configure:2666: result: o
configure:2670: checking whether we are using the GNU C compiler
configure:2689: gcc -c   conftest.c >&5
configure:2689: $? = 0
configure:2698: result: yes
configure:2707: checking whether gcc accepts -g
configure:2727: gcc -c -g  conftest.c >&5
configure:2727: $? = 0
configure:2768: result: yes
configure:2785: checking for gcc option to accept ISO C89
configure:2848: gcc  -c -g -O2  conftest.c >&5
configure:2848: $? = 0
configure:2861: result: none needed
configure:2891: checking how to run the C preprocessor
configure:2922: gcc -E  conftest.c
configure:2922: $? = 0
configure:2936: gcc -E  conftest.c
conftest.c:9:28: error: ac_nonexistent.h: No such file or directory
configure:2936: $? = 1
configure: failed program was:
| /* confdefs.h */
| #define PACKAGE_NAME "ipfw Billing"
| #define PACKAGE_TARNAME "ipfw-billing"
| #define PACKAGE_VERSION "2.0.2"
| #define PACKAGE_STRING "ipfw Billing 2.0.2"
| #define PACKAGE_BUGREPORT "nmorozov@atlas-print.ru"
| #define PACKAGE_URL ""
| /* end confdefs.h.  */
| #include <ac_nonexistent.h>
configure:2961: result: gcc -E
configure:2981: gcc -E  conftest.c
configure:2981: $? = 0
configure:2995: gcc -E  conftest.c
conftest.c:9:28: error: ac_nonexistent.h: No such file or directory
configure:2995: $? = 1
configure: failed program was:
| /* confdefs.h */
| #define PACKAGE_NAME "ipfw Billing"
| #define PACKAGE_TARNAME "ipfw-billing"
| #define PACKAGE_VERSION "2.0.2"
| #define PACKAGE_STRING "ipfw Billing 2.0.2"
| #define PACKAGE_BUGREPORT "nmorozov@atlas-print.ru"
| #define PACKAGE_URL ""
| /* end confdefs.h.  */
| #include <ac_nonexistent.h>
configure:3024: checking for grep that handles long lines and -e
configure:3082: result: /usr/bin/grep
configure:3087: checking for egrep
configure:3149: result: /usr/bin/grep -E
configure:3154: checking for ANSI C header files
configure:3174: gcc -c -g -O2  conftest.c >&5
configure:3174: $? = 0
configure:3247: gcc -o conftest -g -O2   conftest.c  >&5
configure:3247: $? = 0
configure:3247: ./conftest
configure:3247: $? = 0
configure:3258: result: yes
configure:3271: checking for sys/types.h
configure:3271: gcc -c -g -O2  conftest.c >&5
configure:3271: $? = 0
configure:3271: result: yes
configure:3271: checking for sys/stat.h
configure:3271: gcc -c -g -O2  conftest.c >&5
configure:3271: $? = 0
configure:3271: result: yes
configure:3271: checking for stdlib.h
configure:3271: gcc -c -g -O2  conftest.c >&5
configure:3271: $? = 0
configure:3271: result: yes
configure:3271: checking for string.h
configure:3271: gcc -c -g -O2  conftest.c >&5
configure:3271: $? = 0
configure:3271: result: yes
configure:3271: checking for memory.h
configure:3271: gcc -c -g -O2  conftest.c >&5
configure:3271: $? = 0
configure:3271: result: yes
configure:3271: checking for strings.h
configure:3271: gcc -c -g -O2  conftest.c >&5
configure:3271: $? = 0
configure:3271: result: yes
configure:3271: checking for inttypes.h
configure:3271: gcc -c -g -O2  conftest.c >&5
configure:3271: $? = 0
configure:3271: result: yes
configure:3271: checking for stdint.h
configure:3271: gcc -c -g -O2  conftest.c >&5
configure:3271: $? = 0
configure:3271: result: yes
configure:3271: checking for unistd.h
configure:3271: gcc -c -g -O2  conftest.c >&5
configure:3271: $? = 0
configure:3271: result: yes
configure:3286: checking for stdlib.h
configure:3286: result: yes
configure:3286: checking for string.h
configure:3286: result: yes
configure:3286: checking time.h usability
configure:3286: gcc -c -g -O2  conftest.c >&5
configure:3286: $? = 0
configure:3286: result: yes
configure:3286: checking time.h presence
configure:3286: gcc -E  conftest.c
configure:3286: $? = 0
configure:3286: result: yes
configure:3286: checking for time.h
configure:3286: result: yes
configure:3303: checking for stricmp
configure:3303: gcc -o conftest -g -O2   conftest.c  >&5
/var/tmp//cccG9G0E.o: In function `main':
/usr/local/src/Billing-2.0.7/conftest.c:56: undefined reference to `stricmp'
configure:3303: $? = 1
configure: failed program was:
| /* confdefs.h */
| #define PACKAGE_NAME "ipfw Billing"
| #define PACKAGE_TARNAME "ipfw-billing"
| #define PACKAGE_VERSION "2.0.2"
| #define PACKAGE_STRING "ipfw Billing 2.0.2"
| #define PACKAGE_BUGREPORT "nmorozov@atlas-print.ru"
| #define PACKAGE_URL ""
| #define STDC_HEADERS 1
| #define HAVE_SYS_TYPES_H 1
| #define HAVE_SYS_STAT_H 1
| #define HAVE_STDLIB_H 1
| #define HAVE_STRING_H 1
| #define HAVE_MEMORY_H 1
| #define HAVE_STRINGS_H 1
| #define HAVE_INTTYPES_H 1
| #define HAVE_STDINT_H 1
| #define HAVE_UNISTD_H 1
| #define HAVE_STDLIB_H 1
| #define HAVE_STRING_H 1
| #define HAVE_TIME_H 1
| /* end confdefs.h.  */
| /* Define stricmp to an innocuous variant, in case <limits.h> declares stricmp.
|    For example, HP-UX 11i <limits.h> declares gettimeofday.  */
| #define stricmp innocuous_stricmp
| 
| /* System header to define __stub macros and hopefully few prototypes,
|     which can conflict with char stricmp (); below.
|     Prefer <limits.h> to <assert.h> if __STDC__ is defined, since
|     <limits.h> exists even on freestanding compilers.  */
| 
| #ifdef __STDC__
| # include <limits.h>
| #else
| # include <assert.h>
| #endif
| 
| #undef stricmp
| 
| /* Override any GCC internal prototype to avoid an error.
|    Use char because int might match the return type of a GCC
|    builtin and then its argument prototype would still apply.  */
| #ifdef __cplusplus
| extern "C"
| #endif
| char stricmp ();
| /* The GNU C library defines this for functions which it implements
|     to always fail with ENOSYS.  Some functions are actually named
|     something starting with __ and the normal name is an alias.  */
| #if defined __stub_stricmp || defined __stub___stricmp
| choke me
| #endif
| 
| int
| main ()
| {
| return stricmp ();
|   ;
|   return 0;
| }
configure:3303: result: no
configure:3303: checking for strcasecmp
configure:3303: gcc -o conftest -g -O2   conftest.c  >&5
conftest.c:45: warning: conflicting types for built-in function 'strcasecmp'
configure:3303: $? = 0
configure:3303: result: yes
configure:3312: checking for crypt in -lcrypt
configure:3337: gcc -o conftest -g -O2   conftest.c -lcrypt   >&5
configure:3337: $? = 0
configure:3346: result: yes
configure:3357: checking for floor in -lm
configure:3382: gcc -o conftest -g -O2   conftest.c -lm  -lcrypt  >&5
conftest.c:31: warning: conflicting types for built-in function 'floor'
configure:3382: $? = 0
configure:3391: result: yes
configure:3404: checking for isc_attach_database in -lfbclient
configure:3429: gcc -o conftest -g -O2   conftest.c -lfbclient  -lm -lcrypt  >&5
configure:3429: $? = 0
configure:3438: result: yes
configure:3564: creating ./config.status

## ---------------------- ##
## Running config.status. ##
## ---------------------- ##

This file was extended by ipfw Billing config.status 2.0.2, which was
generated by GNU Autoconf 2.69.  Invocation command line was

  CONFIG_FILES    = 
  CONFIG_HEADERS  = 
  CONFIG_LINKS    = 
  CONFIG_COMMANDS = 
  $ ./config.status 

on gate.atlas-print.ru

config.status:805: creating mnlib3/Makefile
config.status:805: creating src/Makefile
config.status:805: creating config.h
config.status:975: config.h is unchanged

## ---------------- ##
## Cache variables. ##
## ---------------- ##

ac_cv_c_compiler_gnu=yes
ac_cv_env_CC_set=''
ac_cv_env_CC_value=''
ac_cv_env_CFLAGS_set=''
ac_cv_env_CFLAGS_value=''
ac_cv_env_CPPFLAGS_set=''
ac_cv_env_CPPFLAGS_value=''
ac_cv_env_CPP_set=''
ac_cv_env_CPP_value=''
ac_cv_env_LDFLAGS_set=''
ac_cv_env_LDFLAGS_value=''
ac_cv_env_LIBS_set=''
ac_cv_env_LIBS_value=''
ac_cv_env_build_alias_set=''
ac_cv_env_build_alias_value=''
ac_cv_env_host_alias_set=''
ac_cv_env_host_alias_value=''
ac_cv_env_target_alias_set=''
ac_cv_env_target_alias_value=''
ac_cv_func_strcasecmp=yes
ac_cv_func_stricmp=no
ac_cv_header_inttypes_h=yes
ac_cv_header_memory_h=yes
ac_cv_header_stdc=yes
ac_cv_header_stdint_h=yes
ac_cv_header_stdlib_h=yes
ac_cv_header_string_h=yes
ac_cv_header_strings_h=yes
ac_cv_header_sys_stat_h=yes
ac_cv_header_sys_types_h=yes
ac_cv_header_time_h=yes
ac_cv_header_unistd_h=yes
ac_cv_lib_crypt_crypt=yes
ac_cv_lib_fbclient_isc_attach_database=yes
ac_cv_lib_m_floor=yes
ac_cv_objext=o
ac_cv_path_EGREP='/usr/bin/grep -E'
ac_cv_path_GREP=/usr/bin/grep
ac_cv_prog_CPP='gcc -E'
ac_cv_prog_ac_ct_CC=gcc
ac_cv_prog_cc_c89=''
ac_cv_prog_cc_g=yes

## ----------------- ##
## Output variables. ##
## ----------------- ##

CC='gcc'
CFLAGS='-g -O2'
CPP='gcc -E'
CPPFLAGS=''
DEFS='-DHAVE_CONFIG_H'
ECHO_C=''
ECHO_N='-n'
ECHO_T=''
EGREP='/usr/bin/grep -E'
EXEEXT=''
GREP='/usr/bin/grep'
LDFLAGS=''
LIBOBJS=''
LIBS='-lm -lcrypt '
LIBS_IB='-lfbclient '
LTLIBOBJS=''
OBJEXT='o'
PACKAGE_BUGREPORT='nmorozov@atlas-print.ru'
PACKAGE_NAME='ipfw Billing'
PACKAGE_STRING='ipfw Billing 2.0.2'
PACKAGE_TARNAME='ipfw-billing'
PACKAGE_URL=''
PACKAGE_VERSION='2.0.2'
PATH_SEPARATOR=':'
SHELL='/bin/sh'
ac_ct_CC='gcc'
bindir='${exec_prefix}/bin'
build_alias=''
datadir='${datarootdir}'
datarootdir='${prefix}/share'
docdir='${datarootdir}/doc/${PACKAGE_TARNAME}'
dvidir='${docdir}'
exec_prefix='${prefix}'
host_alias=''
htmldir='${docdir}'
includedir='${prefix}/include'
infodir='${datarootdir}/info'
libdir='${exec_prefix}/lib'
libexecdir='${exec_prefix}/libexec'
localedir='${datarootdir}/locale'
localstatedir='${prefix}/var'
mandir='${datarootdir}/man'
oldincludedir='/usr/include'
pdfdir='${docdir}'
prefix='/usr/local'
program_transform_name='s,x,x,'
psdir='${docdir}'
sbindir='${exec_prefix}/sbin'
sharedstatedir='${prefix}/com'
sysconfdir='${prefix}/etc'
target_alias=''

## ----------- ##
## confdefs.h. ##
## ----------- ##

/* confdefs.h */
#define PACKAGE_NAME "ipfw Billing"
#define PACKAGE_TARNAME "ipfw-billing"
#define PACKAGE_VERSION "2.0.2"
#define PACKAGE_STRING "ipfw Billing 2.0.2"
#define PACKAGE_BUGREPORT "nmorozov@atlas-print.ru"
#define PACKAGE_URL ""
#define STDC_HEADERS 1
#define HAVE_SYS_TYPES_H 1
#define HAVE_SYS_STAT_H 1
#define HAVE_STDLIB_H 1
#define HAVE_STRING_H 1
#define HAVE_MEMORY_H 1
#define HAVE_STRINGS_H 1
#define HAVE_INTTYPES_H 1
#define HAVE_STDINT_H 1
#define HAVE_UNISTD_H 1
#define HAVE_STDLIB_H 1
#define HAVE_STRING_H 1
#define HAVE_TIME_H 1
#define HAVE_STRCASECMP 1
#define HAVE_LIBCRYPT 1
#define HAVE_LIBM 1

configure: exit 0
